2018-01-31 11:21:56,332 ERROR [RedisUtils] 171 - <getUserTags() error>
redis.clients.jedis.exceptions.JedisException: Could not return the resource to the pool
	at redis.clients.jedis.JedisPool.returnResource(JedisPool.java:127)
	at RedisUtils.returnResource(RedisUtils.java:98)
	at RedisUtils.getUserTags(RedisUtils.java:167)
	at RedisUtils.main(RedisUtils.java:199)
	at sun.reflect.NativeMethodAccessorImpl.invoke0(Native Method)
	at sun.reflect.NativeMethodAccessorImpl.invoke(NativeMethodAccessorImpl.java:62)
	at sun.reflect.DelegatingMethodAccessorImpl.invoke(DelegatingMethodAccessorImpl.java:43)
	at java.lang.reflect.Method.invoke(Method.java:498)
	at com.intellij.rt.execution.application.AppMain.main(AppMain.java:147)
Caused by: redis.clients.jedis.exceptions.JedisException: Could not return the resource to the pool
	at redis.clients.util.Pool.returnResourceObject(Pool.java:66)
	at redis.clients.jedis.JedisPool.returnResource(JedisPool.java:124)
	... 8 more
Caused by: java.lang.IllegalStateException: Object has already been returned to this pool or is invalid
	at org.apache.commons.pool2.impl.GenericObjectPool.returnObject(GenericObjectPool.java:599)
	at redis.clients.util.Pool.returnResourceObject(Pool.java:64)
	... 9 more
2018-01-31 14:08:11,747 ERROR [com.iflytek.RedisUtilsMain] 165 - <getUserTags() error>
java.lang.NullPointerException
	at com.iflytek.RedisUtilsMain.getUserTags(RedisUtilsMain.java:129)
	at com.iflytek.RedisUtilsMain.main(RedisUtilsMain.java:193)
	at sun.reflect.NativeMethodAccessorImpl.invoke0(Native Method)
	at sun.reflect.NativeMethodAccessorImpl.invoke(NativeMethodAccessorImpl.java:62)
	at sun.reflect.DelegatingMethodAccessorImpl.invoke(DelegatingMethodAccessorImpl.java:43)
	at java.lang.reflect.Method.invoke(Method.java:498)
	at com.intellij.rt.execution.application.AppMain.main(AppMain.java:147)
2018-01-31 14:28:42,093 ERROR [com.iflytek.RedisUtilsMain] 166 - <getUserTags() error>
java.lang.NullPointerException
	at com.iflytek.RedisUtilsMain.getUserTags(RedisUtilsMain.java:129)
	at com.iflytek.RedisUtilsMain.main(RedisUtilsMain.java:196)
	at sun.reflect.NativeMethodAccessorImpl.invoke0(Native Method)
	at sun.reflect.NativeMethodAccessorImpl.invoke(NativeMethodAccessorImpl.java:62)
	at sun.reflect.DelegatingMethodAccessorImpl.invoke(DelegatingMethodAccessorImpl.java:43)
	at java.lang.reflect.Method.invoke(Method.java:498)
	at com.intellij.rt.execution.application.AppMain.main(AppMain.java:147)
